# JRE version: Java(TM) SE Runtime Environment (8.0_40-b25) (build 1.8.0_40-b25)
# Java VM: Java HotSpot(TM) 64-Bit Server VM (25.40-b25 mixed mode windows-amd64 compressed oops)
Heap:
 PSYoungGen      total 232960K, used 158600K [0x00000000eab00000, 0x0000000100000000, 0x0000000100000000)
  eden space 116736K, 88% used [0x00000000eab00000,0x00000000f0f59588,0x00000000f1d00000)
  from space 116224K, 48% used [0x00000000f8e80000,0x00000000fc508b38,0x0000000100000000)
  to   space 116224K, 0% used [0x00000000f1d00000,0x00000000f1d00000,0x00000000f8e80000)
 ParOldGen       total 334848K, used 212368K [0x00000000c0000000, 0x00000000d4700000, 0x00000000eab00000)
  object space 334848K, 63% used [0x00000000c0000000,0x00000000ccf642b0,0x00000000d4700000)
 Metaspace       used 6624K, capacity 7320K, committed 7680K, reserved 1056768K
  class space    used 625K, capacity 656K, committed 768K, reserved 1048576K
GC Heap History (10 events):
Event: 45.973 GC heap before
{Heap before GC invocations=18 (full 3):
 PSYoungGen      total 232960K, used 204849K [0x00000000eab00000, 0x0000000100000000, 0x0000000100000000)
  eden space 116736K, 100% used [0x00000000eab00000,0x00000000f1d00000,0x00000000f1d00000)
  from space 116224K, 75% used [0x00000000f8e80000,0x00000000fe48c710,0x0000000100000000)
  to   space 116224K, 0% used [0x00000000f1d00000,0x00000000f1d00000,0x00000000f8e80000)
 ParOldGen       total 271872K, used 169823K [0x00000000c0000000, 0x00000000d0980000, 0x00000000eab00000)
  object space 271872K, 62% used [0x00000000c0000000,0x00000000ca5d7ea0,0x00000000d0980000)
 Metaspace       used 6511K, capacity 7256K, committed 7424K, reserved 1056768K
  class space    used 619K, capacity 656K, committed 768K, reserved 1048576K
Event: 46.771 GC heap after
Heap after GC invocations=18 (full 3):
 PSYoungGen      total 232960K, used 27600K [0x00000000eab00000, 0x0000000100000000, 0x0000000100000000)
  eden space 116736K, 0% used [0x00000000eab00000,0x00000000eab00000,0x00000000f1d00000)
  from space 116224K, 23% used [0x00000000f1d00000,0x00000000f37f42e8,0x00000000f8e80000)
  to   space 116224K, 0% used [0x00000000f8e80000,0x00000000f8e80000,0x0000000100000000)
 ParOldGen       total 271872K, used 256568K [0x00000000c0000000, 0x00000000d0980000, 0x00000000eab00000)
  object space 271872K, 94% used [0x00000000c0000000,0x00000000cfa8e1b0,0x00000000d0980000)
 Metaspace       used 6511K, capacity 7256K, committed 7424K, reserved 1056768K
  class space    used 619K, capacity 656K, committed 768K, reserved 1048576K
}
Event: 46.771 GC heap before
{Heap before GC invocations=19 (full 4):
 PSYoungGen      total 232960K, used 27600K [0x00000000eab00000, 0x0000000100000000, 0x0000000100000000)
  eden space 116736K, 0% used [0x00000000eab00000,0x00000000eab00000,0x00000000f1d00000)
  from space 116224K, 23% used [0x00000000f1d00000,0x00000000f37f42e8,0x00000000f8e80000)
  to   space 116224K, 0% used [0x00000000f8e80000,0x00000000f8e80000,0x0000000100000000)
 ParOldGen       total 271872K, used 256568K [0x00000000c0000000, 0x00000000d0980000, 0x00000000eab00000)
  object space 271872K, 94% used [0x00000000c0000000,0x00000000cfa8e1b0,0x00000000d0980000)
 Metaspace       used 6511K, capacity 7256K, committed 7424K, reserved 1056768K
  class space    used 619K, capacity 656K, committed 768K, reserved 1048576K
Event: 50.605 GC heap after
Heap after GC invocations=19 (full 4):
 PSYoungGen      total 232960K, used 0K [0x00000000eab00000, 0x0000000100000000, 0x0000000100000000)
  eden space 116736K, 0% used [0x00000000eab00000,0x00000000eab00000,0x00000000f1d00000)
  from space 116224K, 0% used [0x00000000f1d00000,0x00000000f1d00000,0x00000000f8e80000)
  to   space 116224K, 0% used [0x00000000f8e80000,0x00000000f8e80000,0x0000000100000000)
 ParOldGen       total 334848K, used 152431K [0x00000000c0000000, 0x00000000d4700000, 0x00000000eab00000)
  object space 334848K, 45% used [0x00000000c0000000,0x00000000c94dbf40,0x00000000d4700000)
 Metaspace       used 6511K, capacity 7256K, committed 7424K, reserved 1056768K
  class space    used 619K, capacity 656K, committed 768K, reserved 1048576K
}
Event: 52.852 GC heap before
{Heap before GC invocations=20 (full 4):
 PSYoungGen      total 232960K, used 116736K [0x00000000eab00000, 0x0000000100000000, 0x0000000100000000)
  eden space 116736K, 100% used [0x00000000eab00000,0x00000000f1d00000,0x00000000f1d00000)
  from space 116224K, 0% used [0x00000000f1d00000,0x00000000f1d00000,0x00000000f8e80000)
  to   space 116224K, 0% used [0x00000000f8e80000,0x00000000f8e80000,0x0000000100000000)
 ParOldGen       total 334848K, used 152431K [0x00000000c0000000, 0x00000000d4700000, 0x00000000eab00000)
  object space 334848K, 45% used [0x00000000c0000000,0x00000000c94dbf40,0x00000000d4700000)
 Metaspace       used 6518K, capacity 7256K, committed 7424K, reserved 1056768K
  class space    used 619K, capacity 656K, committed 768K, reserved 1048576K
Event: 53.041 GC heap after
Heap after GC invocations=20 (full 4):
 PSYoungGen      total 232960K, used 30398K [0x00000000eab00000, 0x0000000100000000, 0x0000000100000000)
  eden space 116736K, 0% used [0x00000000eab00000,0x00000000eab00000,0x00000000f1d00000)
  from space 116224K, 26% used [0x00000000f8e80000,0x00000000fac2fb40,0x0000000100000000)
  to   space 116224K, 0% used [0x00000000f1d00000,0x00000000f1d00000,0x00000000f8e80000)
 ParOldGen       total 334848K, used 152431K [0x00000000c0000000, 0x00000000d4700000, 0x00000000eab00000)
  object space 334848K, 45% used [0x00000000c0000000,0x00000000c94dbf40,0x00000000d4700000)
 Metaspace       used 6518K, capacity 7256K, committed 7424K, reserved 1056768K
  class space    used 619K, capacity 656K, committed 768K, reserved 1048576K
}
Event: 55.393 GC heap before
{Heap before GC invocations=21 (full 4):
 PSYoungGen      total 232960K, used 147134K [0x00000000eab00000, 0x0000000100000000, 0x0000000100000000)
  eden space 116736K, 100% used [0x00000000eab00000,0x00000000f1d00000,0x00000000f1d00000)
  from space 116224K, 26% used [0x00000000f8e80000,0x00000000fac2fb40,0x0000000100000000)
  to   space 116224K, 0% used [0x00000000f1d00000,0x00000000f1d00000,0x00000000f8e80000)
 ParOldGen       total 334848K, used 152431K [0x00000000c0000000, 0x00000000d4700000, 0x00000000eab00000)
  object space 334848K, 45% used [0x00000000c0000000,0x00000000c94dbf40,0x00000000d4700000)
 Metaspace       used 6521K, capacity 7256K, committed 7424K, reserved 1056768K
  class space    used 619K, capacity 656K, committed 768K, reserved 1048576K
Event: 55.542 GC heap after
Heap after GC invocations=21 (full 4):
 PSYoungGen      total 232960K, used 32631K [0x00000000eab00000, 0x0000000100000000, 0x0000000100000000)
  eden space 116736K, 0% used [0x00000000eab00000,0x00000000eab00000,0x00000000f1d00000)
  from space 116224K, 28% used [0x00000000f1d00000,0x00000000f3cddc50,0x00000000f8e80000)
  to   space 116224K, 0% used [0x00000000f8e80000,0x00000000f8e80000,0x0000000100000000)
 ParOldGen       total 334848K, used 179776K [0x00000000c0000000, 0x00000000d4700000, 0x00000000eab00000)
  object space 334848K, 53% used [0x00000000c0000000,0x00000000caf90220,0x00000000d4700000)
 Metaspace       used 6521K, capacity 7256K, committed 7424K, reserved 1056768K
  class space    used 619K, capacity 656K, committed 768K, reserved 1048576K
}
Event: 55.989 GC heap before
{Heap before GC invocations=22 (full 4):
 PSYoungGen      total 232960K, used 149367K [0x00000000eab00000, 0x0000000100000000, 0x0000000100000000)
  eden space 116736K, 100% used [0x00000000eab00000,0x00000000f1d00000,0x00000000f1d00000)
  from space 116224K, 28% used [0x00000000f1d00000,0x00000000f3cddc50,0x00000000f8e80000)
  to   space 116224K, 0% used [0x00000000f8e80000,0x00000000f8e80000,0x0000000100000000)
 ParOldGen       total 334848K, used 179776K [0x00000000c0000000, 0x00000000d4700000, 0x00000000eab00000)
  object space 334848K, 53% used [0x00000000c0000000,0x00000000caf90220,0x00000000d4700000)
 Metaspace       used 6521K, capacity 7256K, committed 7424K, reserved 1056768K
  class space    used 619K, capacity 656K, committed 768K, reserved 1048576K
Event: 56.137 GC heap after
Heap after GC invocations=22 (full 4):
 PSYoungGen      total 232960K, used 55842K [0x00000000eab00000, 0x0000000100000000, 0x0000000100000000)
  eden space 116736K, 0% used [0x00000000eab00000,0x00000000eab00000,0x00000000f1d00000)
  from space 116224K, 48% used [0x00000000f8e80000,0x00000000fc508b38,0x0000000100000000)
  to   space 116224K, 0% used [0x00000000f1d00000,0x00000000f1d00000,0x00000000f8e80000)
 ParOldGen       total 334848K, used 212368K [0x00000000c0000000, 0x00000000d4700000, 0x00000000eab00000)
  object space 334848K, 63% used [0x00000000c0000000,0x00000000ccf642b0,0x00000000d4700000)
 Metaspace       used 6521K, capacity 7256K, committed 7424K, reserved 1056768K
  class space    used 619K, capacity 656K, committed 768K, reserved 1048576K
}

