# JRE version: Java(TM) SE Runtime Environment (8.0_40-b25) (build 1.8.0_40-b25)
# Java VM: Java HotSpot(TM) 64-Bit Server VM (25.40-b25 mixed mode windows-amd64 compressed oops)
Heap:
 PSYoungGen      total 143360K, used 120320K [0x00000000eab00000, 0x00000000fd000000, 0x0000000100000000)
  eden space 120320K, 100% used [0x00000000eab00000,0x00000000f2080000,0x00000000f2080000)
  from space 23040K, 0% used [0x00000000f2080000,0x00000000f2080000,0x00000000f3700000)
  to   space 53760K, 0% used [0x00000000f9b80000,0x00000000f9b80000,0x00000000fd000000)
 ParOldGen       total 94208K, used 94144K [0x00000000c0000000, 0x00000000c5c00000, 0x00000000eab00000)
  object space 94208K, 99% used [0x00000000c0000000,0x00000000c5bf0320,0x00000000c5c00000)
 Metaspace       used 6505K, capacity 7256K, committed 7424K, reserved 1056768K
  class space    used 616K, capacity 656K, committed 768K, reserved 1048576K
GC Heap History (10 events):
Event: 10.919 GC heap after
Heap after GC invocations=7 (full 0):
 PSYoungGen      total 74752K, used 10738K [0x00000000eab00000, 0x00000000f4600000, 0x0000000100000000)
  eden space 64000K, 0% used [0x00000000eab00000,0x00000000eab00000,0x00000000ee980000)
  from space 10752K, 99% used [0x00000000ee980000,0x00000000ef3fc8f0,0x00000000ef400000)
  to   space 15360K, 0% used [0x00000000f3700000,0x00000000f3700000,0x00000000f4600000)
 ParOldGen       total 44032K, used 17563K [0x00000000c0000000, 0x00000000c2b00000, 0x00000000eab00000)
  object space 44032K, 39% used [0x00000000c0000000,0x00000000c1126c68,0x00000000c2b00000)
 Metaspace       used 6482K, capacity 7256K, committed 7424K, reserved 1056768K
  class space    used 616K, capacity 656K, committed 768K, reserved 1048576K
}
Event: 11.917 GC heap before
{Heap before GC invocations=8 (full 0):
 PSYoungGen      total 74752K, used 74738K [0x00000000eab00000, 0x00000000f4600000, 0x0000000100000000)
  eden space 64000K, 100% used [0x00000000eab00000,0x00000000ee980000,0x00000000ee980000)
  from space 10752K, 99% used [0x00000000ee980000,0x00000000ef3fc8f0,0x00000000ef400000)
  to   space 15360K, 0% used [0x00000000f3700000,0x00000000f3700000,0x00000000f4600000)
 ParOldGen       total 44032K, used 17563K [0x00000000c0000000, 0x00000000c2b00000, 0x00000000eab00000)
  object space 44032K, 39% used [0x00000000c0000000,0x00000000c1126c68,0x00000000c2b00000)
 Metaspace       used 6501K, capacity 7256K, committed 7424K, reserved 1056768K
  class space    used 616K, capacity 656K, committed 768K, reserved 1048576K
Event: 12.024 GC heap after
Heap after GC invocations=8 (full 0):
 PSYoungGen      total 135680K, used 15336K [0x00000000eab00000, 0x00000000f5500000, 0x0000000100000000)
  eden space 120320K, 0% used [0x00000000eab00000,0x00000000eab00000,0x00000000f2080000)
  from space 15360K, 99% used [0x00000000f3700000,0x00000000f45fa198,0x00000000f4600000)
  to   space 23040K, 0% used [0x00000000f2080000,0x00000000f2080000,0x00000000f3700000)
 ParOldGen       total 44032K, used 28223K [0x00000000c0000000, 0x00000000c2b00000, 0x00000000eab00000)
  object space 44032K, 64% used [0x00000000c0000000,0x00000000c1b8fcc8,0x00000000c2b00000)
 Metaspace       used 6501K, capacity 7256K, committed 7424K, reserved 1056768K
  class space    used 616K, capacity 656K, committed 768K, reserved 1048576K
}
Event: 15.670 GC heap before
{Heap before GC invocations=9 (full 0):
 PSYoungGen      total 135680K, used 135656K [0x00000000eab00000, 0x00000000f5500000, 0x0000000100000000)
  eden space 120320K, 100% used [0x00000000eab00000,0x00000000f2080000,0x00000000f2080000)
  from space 15360K, 99% used [0x00000000f3700000,0x00000000f45fa198,0x00000000f4600000)
  to   space 23040K, 0% used [0x00000000f2080000,0x00000000f2080000,0x00000000f3700000)
 ParOldGen       total 44032K, used 28223K [0x00000000c0000000, 0x00000000c2b00000, 0x00000000eab00000)
  object space 44032K, 64% used [0x00000000c0000000,0x00000000c1b8fcc8,0x00000000c2b00000)
 Metaspace       used 6502K, capacity 7256K, committed 7424K, reserved 1056768K
  class space    used 616K, capacity 656K, committed 768K, reserved 1048576K
Event: 16.592 GC heap after
Heap after GC invocations=9 (full 0):
 PSYoungGen      total 143360K, used 23016K [0x00000000eab00000, 0x00000000fd000000, 0x0000000100000000)
  eden space 120320K, 0% used [0x00000000eab00000,0x00000000eab00000,0x00000000f2080000)
  from space 23040K, 99% used [0x00000000f2080000,0x00000000f36fa258,0x00000000f3700000)
  to   space 53760K, 0% used [0x00000000f9b80000,0x00000000f9b80000,0x00000000fd000000)
 ParOldGen       total 94208K, used 94154K [0x00000000c0000000, 0x00000000c5c00000, 0x00000000eab00000)
  object space 94208K, 99% used [0x00000000c0000000,0x00000000c5bf29f0,0x00000000c5c00000)
 Metaspace       used 6502K, capacity 7256K, committed 7424K, reserved 1056768K
  class space    used 616K, capacity 656K, committed 768K, reserved 1048576K
}
Event: 16.592 GC heap before
{Heap before GC invocations=10 (full 1):
 PSYoungGen      total 143360K, used 23016K [0x00000000eab00000, 0x00000000fd000000, 0x0000000100000000)
  eden space 120320K, 0% used [0x00000000eab00000,0x00000000eab00000,0x00000000f2080000)
  from space 23040K, 99% used [0x00000000f2080000,0x00000000f36fa258,0x00000000f3700000)
  to   space 53760K, 0% used [0x00000000f9b80000,0x00000000f9b80000,0x00000000fd000000)
 ParOldGen       total 94208K, used 94154K [0x00000000c0000000, 0x00000000c5c00000, 0x00000000eab00000)
  object space 94208K, 99% used [0x00000000c0000000,0x00000000c5bf29f0,0x00000000c5c00000)
 Metaspace       used 6502K, capacity 7256K, committed 7424K, reserved 1056768K
  class space    used 616K, capacity 656K, committed 768K, reserved 1048576K
Event: 22.264 GC heap after
Heap after GC invocations=10 (full 1):
 PSYoungGen      total 143360K, used 12707K [0x00000000eab00000, 0x00000000fd000000, 0x0000000100000000)
  eden space 120320K, 0% used [0x00000000eab00000,0x00000000eab00000,0x00000000f2080000)
  from space 23040K, 55% used [0x00000000f2080000,0x00000000f2ce8ec0,0x00000000f3700000)
  to   space 53760K, 0% used [0x00000000f9b80000,0x00000000f9b80000,0x00000000fd000000)
 ParOldGen       total 94208K, used 94024K [0x00000000c0000000, 0x00000000c5c00000, 0x00000000eab00000)
  object space 94208K, 99% used [0x00000000c0000000,0x00000000c5bd2050,0x00000000c5c00000)
 Metaspace       used 6502K, capacity 7256K, committed 7424K, reserved 1056768K
  class space    used 616K, capacity 656K, committed 768K, reserved 1048576K
}
Event: 23.452 GC heap before
{Heap before GC invocations=11 (full 2):
 PSYoungGen      total 143360K, used 133027K [0x00000000eab00000, 0x00000000fd000000, 0x0000000100000000)
  eden space 120320K, 100% used [0x00000000eab00000,0x00000000f2080000,0x00000000f2080000)
  from space 23040K, 55% used [0x00000000f2080000,0x00000000f2ce8ec0,0x00000000f3700000)
  to   space 53760K, 0% used [0x00000000f9b80000,0x00000000f9b80000,0x00000000fd000000)
 ParOldGen       total 94208K, used 94024K [0x00000000c0000000, 0x00000000c5c00000, 0x00000000eab00000)
  object space 94208K, 99% used [0x00000000c0000000,0x00000000c5bd2050,0x00000000c5c00000)
 Metaspace       used 6505K, capacity 7256K, committed 7424K, reserved 1056768K
  class space    used 616K, capacity 656K, committed 768K, reserved 1048576K
Event: 29.747 GC heap after
Heap after GC invocations=11 (full 2):
 PSYoungGen      total 143360K, used 76218K [0x00000000eab00000, 0x00000000fd000000, 0x0000000100000000)
  eden space 120320K, 63% used [0x00000000eab00000,0x00000000ef56e8a8,0x00000000f2080000)
  from space 23040K, 0% used [0x00000000f2080000,0x00000000f2080000,0x00000000f3700000)
  to   space 53760K, 0% used [0x00000000f9b80000,0x00000000f9b80000,0x00000000fd000000)
 ParOldGen       total 94208K, used 94144K [0x00000000c0000000, 0x00000000c5c00000, 0x00000000eab00000)
  object space 94208K, 99% used [0x00000000c0000000,0x00000000c5bf0320,0x00000000c5c00000)
 Metaspace       used 6505K, capacity 7256K, committed 7424K, reserved 1056768K
  class space    used 616K, capacity 656K, committed 768K, reserved 1048576K
}
Event: 30.764 GC heap before
{Heap before GC invocations=12 (full 3):
 PSYoungGen      total 143360K, used 120320K [0x00000000eab00000, 0x00000000fd000000, 0x0000000100000000)
  eden space 120320K, 100% used [0x00000000eab00000,0x00000000f2080000,0x00000000f2080000)
  from space 23040K, 0% used [0x00000000f2080000,0x00000000f2080000,0x00000000f3700000)
  to   space 53760K, 0% used [0x00000000f9b80000,0x00000000f9b80000,0x00000000fd000000)
 ParOldGen       total 94208K, used 94144K [0x00000000c0000000, 0x00000000c5c00000, 0x00000000eab00000)
  object space 94208K, 99% used [0x00000000c0000000,0x00000000c5bf0320,0x00000000c5c00000)
 Metaspace       used 6505K, capacity 7256K, committed 7424K, reserved 1056768K
  class space    used 616K, capacity 656K, committed 768K, reserved 1048576K

